<?xml version="1.0" encoding="UTF-8"?>
<testng-results ignored="0" total="1" passed="0" failed="1" skipped="0">
  <reporter-output>
    <line>
      <![CDATA[launching browser...]]>
    </line>
    <line>
      <![CDATA[reading url from properties file ]]>
    </line>
    <line>
      <![CDATA[reading mobnum from properties file ]]>
    </line>
    <line>
      <![CDATA[entering mobilenumber...]]>
    </line>
    <line>
      <![CDATA[clicking on sign-in button...]]>
    </line>
    <line>
      <![CDATA[waiting for...3000ms]]>
    </line>
    <line>
      <![CDATA[reading password from properties file ]]>
    </line>
    <line>
      <![CDATA[entering password...]]>
    </line>
    <line>
      <![CDATA[waiting for...2000ms]]>
    </line>
    <line>
      <![CDATA[clicking on submitbutton...]]>
    </line>
    <line>
      <![CDATA[waiting for...5000ms]]>
    </line>
    <line>
      <![CDATA[handling popup...]]>
    </line>
    <line>
      <![CDATA[waiting for...2000ms]]>
    </line>
    <line>
      <![CDATA[clicking on ok button...]]>
    </line>
    <line>
      <![CDATA[waiting for...5000ms]]>
    </line>
    <line>
      <![CDATA[scrolling to element]]>
    </line>
    <line>
      <![CDATA[clicking on close button...]]>
    </line>
    <line>
      <![CDATA[TC validateUN execution started]]>
    </line>
    <line>
      <![CDATA[reading expun from properties file ]]>
    </line>
    <line>
      <![CDATA[TC validateUN failed ]]>
    </line>
    <line>
      <![CDATA[takingscreenshot...]]>
    </line>
    <line>
      <![CDATA[loging out ...]]>
    </line>
    <line>
      <![CDATA[closing browser...]]>
    </line>
  </reporter-output>
  <suite started-at="2022-11-29T17:08:29 IST" name="Default suite" finished-at="2022-11-29T17:08:52 IST" duration-ms="22687">
    <groups>
    </groups>
    <test started-at="2022-11-29T17:08:29 IST" name="Default test" finished-at="2022-11-29T17:08:52 IST" duration-ms="22687">
      <class name="neostoxTestClasses.NeostoxValidateUserName">
        <test-method is-config="true" signature="openbrowser()[pri:0, instance:neostoxTestClasses.NeostoxValidateUserName@729d991e]" started-at="2022-11-29T17:08:29 IST" name="openbrowser" finished-at="2022-11-29T17:08:37 IST" duration-ms="7318" status="PASS">
          <reporter-output>
            <line>
              <![CDATA[launching browser...]]>
            </line>
            <line>
              <![CDATA[reading url from properties file ]]>
            </line>
          </reporter-output>
        </test-method> <!-- openbrowser -->
        <test-method is-config="true" signature="logintoNeostox()[pri:0, instance:neostoxTestClasses.NeostoxValidateUserName@729d991e]" started-at="2022-11-29T17:08:37 IST" name="logintoNeostox" finished-at="2022-11-29T17:08:51 IST" duration-ms="14723" status="PASS">
          <reporter-output>
            <line>
              <![CDATA[reading mobnum from properties file ]]>
            </line>
            <line>
              <![CDATA[entering mobilenumber...]]>
            </line>
            <line>
              <![CDATA[clicking on sign-in button...]]>
            </line>
            <line>
              <![CDATA[waiting for...3000ms]]>
            </line>
            <line>
              <![CDATA[reading password from properties file ]]>
            </line>
            <line>
              <![CDATA[entering password...]]>
            </line>
            <line>
              <![CDATA[waiting for...2000ms]]>
            </line>
            <line>
              <![CDATA[clicking on submitbutton...]]>
            </line>
            <line>
              <![CDATA[waiting for...5000ms]]>
            </line>
            <line>
              <![CDATA[handling popup...]]>
            </line>
            <line>
              <![CDATA[waiting for...2000ms]]>
            </line>
            <line>
              <![CDATA[clicking on ok button...]]>
            </line>
            <line>
              <![CDATA[waiting for...5000ms]]>
            </line>
            <line>
              <![CDATA[scrolling to element]]>
            </line>
            <line>
              <![CDATA[clicking on close button...]]>
            </line>
          </reporter-output>
        </test-method> <!-- logintoNeostox -->
        <test-method signature="validateUN()[pri:0, instance:neostoxTestClasses.NeostoxValidateUserName@729d991e]" started-at="2022-11-29T17:08:51 IST" name="validateUN" finished-at="2022-11-29T17:08:51 IST" duration-ms="51" status="FAIL">
          <exception class="java.lang.AssertionError">
            <message>
              <![CDATA[TC is failed actual and expected Username are not matching expected [Hi Umesh Birajdar.] but found [Hi Umesh Birajdar]]]>
            </message>
            <full-stacktrace>
              <![CDATA[java.lang.AssertionError: TC is failed actual and expected Username are not matching expected [Hi Umesh Birajdar.] but found [Hi Umesh Birajdar]
at org.testng.Assert.fail(Assert.java:99)
at org.testng.Assert.failNotEquals(Assert.java:1037)
at org.testng.Assert.assertEqualsImpl(Assert.java:140)
at org.testng.Assert.assertEquals(Assert.java:122)
at org.testng.Assert.assertEquals(Assert.java:629)
at neostoxTestClasses.NeostoxValidateUserName.validateUN(NeostoxValidateUserName.java:57)
at java.base/jdk.internal.reflect.NativeMethodAccessorImpl.invoke0(Native Method)
at java.base/jdk.internal.reflect.NativeMethodAccessorImpl.invoke(NativeMethodAccessorImpl.java:62)
at java.base/jdk.internal.reflect.DelegatingMethodAccessorImpl.invoke(DelegatingMethodAccessorImpl.java:43)
at java.base/java.lang.reflect.Method.invoke(Method.java:566)
at org.testng.internal.MethodInvocationHelper.invokeMethod(MethodInvocationHelper.java:133)
at org.testng.internal.TestInvoker.invokeMethod(TestInvoker.java:598)
at org.testng.internal.TestInvoker.invokeTestMethod(TestInvoker.java:173)
at org.testng.internal.MethodRunner.runInSequence(MethodRunner.java:46)
at org.testng.internal.TestInvoker$MethodInvocationAgent.invoke(TestInvoker.java:824)
at org.testng.internal.TestInvoker.invokeTestMethods(TestInvoker.java:146)
at org.testng.internal.TestMethodWorker.invokeTestMethods(TestMethodWorker.java:146)
at org.testng.internal.TestMethodWorker.run(TestMethodWorker.java:128)
at java.base/java.util.ArrayList.forEach(ArrayList.java:1541)
at org.testng.TestRunner.privateRun(TestRunner.java:794)
at org.testng.TestRunner.run(TestRunner.java:596)
at org.testng.SuiteRunner.runTest(SuiteRunner.java:377)
at org.testng.SuiteRunner.runSequentially(SuiteRunner.java:371)
at org.testng.SuiteRunner.privateRun(SuiteRunner.java:332)
at org.testng.SuiteRunner.run(SuiteRunner.java:276)
at org.testng.SuiteRunnerWorker.runSuite(SuiteRunnerWorker.java:53)
at org.testng.SuiteRunnerWorker.run(SuiteRunnerWorker.java:96)
at org.testng.TestNG.runSuitesSequentially(TestNG.java:1212)
at org.testng.TestNG.runSuitesLocally(TestNG.java:1134)
at org.testng.TestNG.runSuites(TestNG.java:1063)
at org.testng.TestNG.run(TestNG.java:1031)
at org.testng.remote.AbstractRemoteTestNG.run(AbstractRemoteTestNG.java:115)
at org.testng.remote.RemoteTestNG.initAndRun(RemoteTestNG.java:251)
at org.testng.remote.RemoteTestNG.main(RemoteTestNG.java:77)
]]>
            </full-stacktrace>
          </exception> <!-- java.lang.AssertionError -->
          <reporter-output>
            <line>
              <![CDATA[TC validateUN execution started]]>
            </line>
            <line>
              <![CDATA[reading expun from properties file ]]>
            </line>
            <line>
              <![CDATA[TC validateUN failed ]]>
            </line>
            <line>
              <![CDATA[takingscreenshot...]]>
            </line>
          </reporter-output>
        </test-method> <!-- validateUN -->
        <test-method is-config="true" signature="logout()[pri:0, instance:neostoxTestClasses.NeostoxValidateUserName@729d991e]" started-at="2022-11-29T17:08:52 IST" name="logout" finished-at="2022-11-29T17:08:52 IST" duration-ms="163" status="PASS">
          <reporter-output>
            <line>
              <![CDATA[loging out ...]]>
            </line>
          </reporter-output>
        </test-method> <!-- logout -->
        <test-method is-config="true" signature="closebrowser()[pri:0, instance:neostoxTestClasses.NeostoxValidateUserName@729d991e]" started-at="2022-11-29T17:08:52 IST" name="closebrowser" finished-at="2022-11-29T17:08:52 IST" duration-ms="139" status="PASS">
          <reporter-output>
            <line>
              <![CDATA[closing browser...]]>
            </line>
          </reporter-output>
        </test-method> <!-- closebrowser -->
      </class> <!-- neostoxTestClasses.NeostoxValidateUserName -->
    </test> <!-- Default test -->
  </suite> <!-- Default suite -->
</testng-results>
